<?xml version="1.0" encoding="UTF-8"?>
<!-- Generated by org.testng.reporters.JUnitReportReporter -->
<testsuite hostname="AARIZ-PC" failures="0" tests="1" name="SimpleRealTime.Simpleannotation" time="276.505" errors="0" timestamp="2022-03-05T22:11:27 IST" skipped="0">
  <testcase classname="SimpleRealTime.Simpleannotation" name="url" time="276.505"/>
  <system-out/>
</testsuite> <!-- SimpleRealTime.Simpleannotation -->
