<?xml version="1.0" encoding="UTF-8"?>
<!-- Generated by org.testng.reporters.JUnitReportReporter -->
<testsuite hostname="AARIZ-PC" failures="0" tests="2" name="IgnoreTest.IgnoreTestExample" time="18.685" errors="0" timestamp="2022-03-05T23:00:53 IST" skipped="1">
  <testcase classname="IgnoreTest.IgnoreTestExample" name="firstname" time="18.685"/>
  <system-out/>
  <testcase classname="IgnoreTest.IgnoreTestExample" name="password">
    <skipped/>
  </testcase> <!-- password -->
  <system-out/>
</testsuite> <!-- IgnoreTest.IgnoreTestExample -->
