<?xml version="1.0" encoding="UTF-8"?>
<!-- Generated by org.testng.reporters.JUnitReportReporter -->
<testsuite hostname="AARIZ-PC" failures="0" tests="5" name="PriorityTest.PriorityTestExample" time="66.499" errors="0" timestamp="2022-03-06T20:49:42 IST" skipped="0">
  <testcase classname="PriorityTest.PriorityTestExample" name="username" time="10.655"/>
  <system-out/>
  <testcase classname="PriorityTest.PriorityTestExample" name="password" time="23.529"/>
  <system-out/>
  <testcase classname="PriorityTest.PriorityTestExample" name="log" time="10.448"/>
  <system-out/>
  <testcase classname="PriorityTest.PriorityTestExample" name="create" time="9.944"/>
  <system-out/>
  <testcase classname="PriorityTest.PriorityTestExample" name="number" time="11.923"/>
  <system-out/>
</testsuite> <!-- PriorityTest.PriorityTestExample -->
