<?xml version="1.0" encoding="UTF-8"?>
<!-- Generated by org.testng.reporters.JUnitReportReporter -->
<testsuite hostname="AARIZ-PC" failures="0" tests="2" name="maven.Testng.SimpleAnnotation" time="0.056" errors="0" timestamp="2022-03-02T12:57:46 IST" skipped="1">
  <testcase classname="maven.Testng.SimpleAnnotation" name="sample" time="0.056"/>
  <system-out/>
  <testcase classname="maven.Testng.SimpleAnnotation" name="avoid">
    <skipped/>
  </testcase> <!-- avoid -->
  <system-out/>
</testsuite> <!-- maven.Testng.SimpleAnnotation -->
